<?xml version="1.0" encoding="UTF-8"?>
<!-- Generated by org.testng.reporters.JUnitXMLReporter -->
<testsuite hostname="DESKTOP-7494VHC" ignored="0" name="TutorialsNinja Tests" tests="14" failures="1" timestamp="2023-02-20T19:39:23 IST" time="100.489" errors="0">
  <testcase name="verifyRegisteringAnAccountWithMandatoryFields" time="1.372" classname="com.tutorialsninja.qa.testcases.RegisterTest"/>
  <testcase name="verifyRegisteringAccountByProvidingAllFields" time="2.394" classname="com.tutorialsninja.qa.testcases.RegisterTest"/>
  <testcase name="verifyRegisteringAccountWithExistingEmailAddress" time="1.591" classname="com.tutorialsninja.qa.testcases.RegisterTest"/>
  <testcase name="verifyRegisteringAccountWithoutFillingAnyDetails" time="0.689" classname="com.tutorialsninja.qa.testcases.RegisterTest"/>
  <testcase name="verifyLoginWithValidCredentials" time="0.84" classname="com.tutorialsninja.qa.testcases.LoginTest"/>
  <testcase name="verifyLoginWithValidCredentials" time="1.58" classname="com.tutorialsninja.qa.testcases.LoginTest"/>
  <testcase name="verifyLoginWithValidCredentials" time="0.777" classname="com.tutorialsninja.qa.testcases.LoginTest"/>
  <testcase name="verifyLoginWithInValidCredentials" time="0.77" classname="com.tutorialsninja.qa.testcases.LoginTest"/>
  <testcase name="verifyLoginWithInvalidEmailAndValidPassword" time="0.748" classname="com.tutorialsninja.qa.testcases.LoginTest"/>
  <testcase name="verifyLoginWithvalidEmailAndInvalidPassword" time="0.628" classname="com.tutorialsninja.qa.testcases.LoginTest"/>
  <testcase name="verifyWithoutProvidingCredentials" time="0.451" classname="com.tutorialsninja.qa.testcases.LoginTest"/>
  <testcase name="verifySearchWithValidProduct" time="0.708" classname="com.tutorialsninja.qa.testcases.SearchTest"/>
  <testcase name="verifySearchWithInvalidProduct" time="0.718" classname="com.tutorialsninja.qa.testcases.SearchTest">
    <failure type="java.lang.AssertionError" message="No product message in search result is not displayed expected [abcd] but found [There is no product that matches the search criteria.]">
      <![CDATA[java.lang.AssertionError: No product message in search result is not displayed expected [abcd] but found [There is no product that matches the search criteria.]
at com.tutorialsninja.qa.testcases.SearchTest.verifySearchWithInvalidProduct(SearchTest.java:42)
at java.util.ArrayList.forEach(Unknown Source)
... Removed 32 stack frames]]>
    </failure>
  </testcase> <!-- verifySearchWithInvalidProduct -->
  <testcase name="verifySearchWithoutAnyProduct" time="0.0" classname="com.tutorialsninja.qa.testcases.SearchTest">
    <skipped/>
  </testcase> <!-- verifySearchWithoutAnyProduct -->
</testsuite> <!-- TutorialsNinja Tests -->
