<?xml version="1.0" encoding="UTF-8"?>
<!-- Generated by org.testng.reporters.JUnitXMLReporter -->
<testsuite hostname="DESKTOP-7494VHC" ignored="0" name="Default test" tests="5" failures="0" timestamp="2023-02-20T19:34:34 IST" time="32.237" errors="0">
  <testcase name="verifyLoginWithValidCredentials" time="0.0" classname="com.tutorialsninja.qa.testcases.LoginTest">
    <skipped/>
  </testcase> <!-- verifyLoginWithValidCredentials -->
  <testcase name="verifyLoginWithInValidCredentials" time="1.995" classname="com.tutorialsninja.qa.testcases.LoginTest"/>
  <testcase name="verifyLoginWithInvalidEmailAndValidPassword" time="1.258" classname="com.tutorialsninja.qa.testcases.LoginTest"/>
  <testcase name="verifyLoginWithvalidEmailAndInvalidPassword" time="0.815" classname="com.tutorialsninja.qa.testcases.LoginTest"/>
  <testcase name="verifyWithoutProvidingCredentials" time="0.483" classname="com.tutorialsninja.qa.testcases.LoginTest"/>
</testsuite> <!-- Default test -->
